<?xml version="1.0" encoding="utf-8"?><testsuites name="pytest tests"><testsuite name="pytest" errors="0" failures="0" skipped="0" tests="35" time="6.873" timestamp="2026-09-23T17:08:58.520211+00:00" hostname="agent-env-cff6202c-9914-4a92-8f98-b5cfb448bcb3"><testcase classname="tests.backend_test.TestLegacy" name="test_dashboard" time="0.761" /><testcase classname="tests.backend_test.TestShopee" name="test_import_zip_rejects_non_zip" time="0.898" /><testcase classname="tests.backend_test.TestLegacy" name="test_cash_closure" time="0.151" /><testcase classname="tests.backend_test.TestShopee" name="test_import_rejects_non_zip_extension" time="0.126" /><testcase classname="tests.backend_test.TestLegacy" name="test_reports_sales" time="0.144" /><testcase classname="tests.backend_test.TestShopee" name="test_import_two_pdfs" time="0.137" /><testcase classname="tests.backend_test.TestLegacy" name="test_vales" time="0.134" /><testcase classname="tests.backend_test.TestShopee" name="test_import_duplicate_detection" time="0.127" /><testcase classname="tests.backend_test.TestLegacy" name="test_users" time="0.329" /><testcase classname="tests.backend_test.TestShopee" name="test_shopee_list_and_filter" time="0.480" /><testcase classname="tests.backend_test.TestCatalog" name="test_categories_real_seed" time="0.167" /><testcase classname="tests.backend_test.TestCatalog" name="test_products_seeded" time="0.147" /><testcase classname="tests.backend_test.TestShopee" name="test_shopee_update" time="0.141" /><testcase classname="tests.backend_test.TestCatalog" name="test_product_has_new_fields" time="0.198" /><testcase classname="tests.backend_test.TestShopee" name="test_shopee_add_image" time="0.351" /><testcase classname="tests.backend_test.TestCatalog" name="test_product_favorite_toggle" time="0.599" /><testcase classname="tests.backend_test.TestShopee" name="test_ficha_pdf" time="0.187" /><testcase classname="tests.backend_test.TestShopee" name="test_batch_pdf" time="0.246" /><testcase classname="tests.backend_test.TestAuth" name="test_admin_login" time="0.000" /><testcase classname="tests.backend_test.TestAuth" name="test_vend_login" time="0.346" /><testcase classname="tests.backend_test.TestAuth" name="test_me" time="0.252" /><testcase classname="tests.backend_test.TestRBAC" name="test_vend_403_product_create" time="0.143" /><testcase classname="tests.backend_test.TestShopee" name="test_shopee_delete_admin_only" time="0.860" /><testcase classname="tests.backend_test.TestRBAC" name="test_vend_403_vales" time="0.117" /><testcase classname="tests.backend_test.TestRBAC" name="test_vend_403_price_tables" time="0.117" /><testcase classname="tests.backend_test.TestCustomers" name="test_create_customer_no_instagram" time="0.322" /><testcase classname="tests.backend_test.TestCustomers" name="test_customer_in_rejects_instagram" time="0.120" /><testcase classname="tests.backend_test.TestSales" name="test_sale_auto_creates_customer" time="0.751" /><testcase classname="tests.backend_test.TestUploads" name="test_upload_and_serve" time="0.323" /><testcase classname="tests.backend_test.TestSales" name="test_sale_put_preserves_order_number" time="0.581" /><testcase classname="tests.backend_test.TestUploads" name="test_sale_attachments" time="1.052" /><testcase classname="tests.backend_test.TestSales" name="test_sale_duplicate" time="0.300" /><testcase classname="tests.backend_test.TestPriceTables" name="test_crud" time="1.031" /><testcase classname="tests.backend_test.TestPDF" name="test_pdf_note" time="0.159" /><testcase classname="tests.backend_test.TestPDF" name="test_pdf_production" time="0.163" /></testsuite></testsuites>